<?xml version="1.0" encoding="UTF-8"?>
<testng-results skipped="0" failed="0" ignored="0" total="5" passed="5">
  <reporter-output>
  </reporter-output>
  <suite name="khanacademy" duration-ms="28826" started-at="2018-01-25T09:11:25Z" finished-at="2018-01-25T09:11:54Z">
    <groups>
    </groups>
    <test name="registration" duration-ms="28412" started-at="2018-01-25T09:11:25Z" finished-at="2018-01-25T09:11:54Z">
      <class name="test.TestRegistration">
        <test-method status="PASS" signature="setup()[pri:0, instance:test.TestRegistration@1622fdf]" name="setup" is-config="true" duration-ms="18160" started-at="2018-01-25T17:11:25Z" finished-at="2018-01-25T17:11:43Z">
          <reporter-output>
          </reporter-output>
        </test-method> <!-- setup -->
        <test-method status="PASS" signature="checkIfSignUpLinkIsClickable()[pri:1, instance:test.TestRegistration@1622fdf]" name="checkIfSignUpLinkIsClickable" duration-ms="4098" started-at="2018-01-25T17:11:43Z" finished-at="2018-01-25T17:11:47Z">
          <reporter-output>
          </reporter-output>
        </test-method> <!-- checkIfSignUpLinkIsClickable -->
        <test-method status="PASS" signature="checkIfLearnerButtonIsClickable()[pri:2, instance:test.TestRegistration@1622fdf]" name="checkIfLearnerButtonIsClickable" duration-ms="306" started-at="2018-01-25T17:11:47Z" finished-at="2018-01-25T17:11:48Z">
          <reporter-output>
          </reporter-output>
        </test-method> <!-- checkIfLearnerButtonIsClickable -->
        <test-method status="PASS" signature="checkIfUserCanRegister(java.lang.String, java.lang.String, java.lang.String, java.lang.String, java.lang.String, java.lang.String, java.lang.String)[pri:3, instance:test.TestRegistration@1622fdf]" name="checkIfUserCanRegister" duration-ms="1130" started-at="2018-01-25T17:11:48Z" finished-at="2018-01-25T17:11:49Z">
          <params>
            <param index="0">
              <value>
                <![CDATA[Jan]]>
              </value>
            </param>
            <param index="1">
              <value>
                <![CDATA[1]]>
              </value>
            </param>
            <param index="2">
              <value>
                <![CDATA[1997]]>
              </value>
            </param>
            <param index="3">
              <value>
                <![CDATA[ralph@gmail.com]]>
              </value>
            </param>
            <param index="4">
              <value>
                <![CDATA[Ralph]]>
              </value>
            </param>
            <param index="5">
              <value>
                <![CDATA[Zanoria]]>
              </value>
            </param>
            <param index="6">
              <value>
                <![CDATA[asdfgh12]]>
              </value>
            </param>
          </params>
          <reporter-output>
          </reporter-output>
        </test-method> <!-- checkIfUserCanRegister -->
        <test-method status="PASS" signature="checkIfUserCanSignUpWithEmail()[pri:4, instance:test.TestRegistration@1622fdf]" name="checkIfUserCanSignUpWithEmail" duration-ms="1054" started-at="2018-01-25T17:11:49Z" finished-at="2018-01-25T17:11:50Z">
          <reporter-output>
          </reporter-output>
        </test-method> <!-- checkIfUserCanSignUpWithEmail -->
        <test-method status="PASS" signature="checkIfUserCanRegister(java.lang.String, java.lang.String, java.lang.String, java.lang.String)[pri:5, instance:test.TestRegistration@1622fdf]" name="checkIfUserCanRegister" duration-ms="3619" started-at="2018-01-25T17:11:50Z" finished-at="2018-01-25T17:11:54Z">
          <params>
            <param index="0">
              <value>
                <![CDATA[ralph@gmail.com]]>
              </value>
            </param>
            <param index="1">
              <value>
                <![CDATA[Ralph]]>
              </value>
            </param>
            <param index="2">
              <value>
                <![CDATA[Zanoria]]>
              </value>
            </param>
            <param index="3">
              <value>
                <![CDATA[asdfgh12]]>
              </value>
            </param>
          </params>
          <reporter-output>
          </reporter-output>
        </test-method> <!-- checkIfUserCanRegister -->
        <test-method status="PASS" signature="teardown()[pri:0, instance:test.TestRegistration@1622fdf]" name="teardown" is-config="true" duration-ms="0" started-at="2018-01-25T17:11:54Z" finished-at="2018-01-25T17:11:54Z">
          <reporter-output>
          </reporter-output>
        </test-method> <!-- teardown -->
      </class> <!-- test.TestRegistration -->
    </test> <!-- registration -->
    <test name="testEditProfile" duration-ms="1" started-at="2018-01-25T09:11:54Z" finished-at="2018-01-25T09:11:54Z">
    </test> <!-- testEditProfile -->
    <test name="testSearchFunctionality" duration-ms="1" started-at="2018-01-25T09:11:54Z" finished-at="2018-01-25T09:11:54Z">
    </test> <!-- testSearchFunctionality -->
    <test name="testQuestion" duration-ms="1" started-at="2018-01-25T09:11:54Z" finished-at="2018-01-25T09:11:54Z">
    </test> <!-- testQuestion -->
    <test name="teardown" duration-ms="1" started-at="2018-01-25T09:11:54Z" finished-at="2018-01-25T09:11:54Z">
    </test> <!-- teardown -->
  </suite> <!-- khanacademy -->
</testng-results>
