<?xml version="1.0" encoding="UTF-8"?>
<!-- Generated by org.testng.reporters.JUnitXMLReporter -->
<testsuite hostname="LND-4FXHB2S-DX" ignored="0" name="registration" tests="5" failures="0" timestamp="25 Jan 2018 09:11:54 GMT" time="28.412" errors="0">
  <testcase name="checkIfSignUpLinkIsClickable" time="4.098" classname="test.TestRegistration"/>
  <testcase name="checkIfLearnerButtonIsClickable" time="0.306" classname="test.TestRegistration"/>
  <testcase name="checkIfUserCanRegister" time="1.13" classname="test.TestRegistration"/>
  <testcase name="checkIfUserCanSignUpWithEmail" time="1.054" classname="test.TestRegistration"/>
  <testcase name="checkIfUserCanRegister" time="3.619" classname="test.TestRegistration"/>
</testsuite> <!-- registration -->
